2022-06-30 18:00:48:048 [31merror[39m: [31mExpress is listening at http://localhost:3000[39m
2022-06-30 18:58:00:580 [31merror[39m: [31mTeam not found[39m
2022-07-01 14:50:25:5025 [31merror[39m: [31mNo players found[39m
2022-07-01 14:53:37:5337 [31merror[39m: [31m[39m
[31mInvalid `prisma.teamStats.create()` invocation in[39m
[31mC:\Projects\Sixer Internship\prisma-ORM\services\teamService.ts:9:26[39m

[31m   6   name: string,[39m
[31m   7   teamId: number[39m
[31m   8 ): Promise<void> => {[39m
[31m→  9   await prisma.teamStats.create([39m
[31m  Unique constraint failed on the fields: (`id`)[39m
2022-07-01 14:57:14:5714 [31merror[39m: [31m[39m
[31mInvalid `prisma.team.delete()` invocation in[39m
[31mC:\Projects\Sixer Internship\prisma-ORM\services\teamService.ts:37:29[39m

[31m  34 export const deleteTeamService = async (id: number): Promise<void> => {[39m
[31m  35   const team = await getTeamStatsService(id)[39m
[31m  36   if (team) {[39m
[31m→ 37     await prisma.team.delete([39m
[31m  An operation failed because it depends on one or more records that were required but not found. Record to delete does not exist.[39m
2022-07-01 18:45:36:4536 [31merror[39m: [31mTeam not found[39m
2022-07-03 21:13:38:1338 [31merror[39m: [31m[39m
[31mInvalid `prisma.player.create()` invocation in[39m
[31mC:\Projects\Sixer Internship\prisma-ORM\services\playerService.ts:8:23[39m

[31m   5   name: string,[39m
[31m   6   country: string[39m
[31m   7 ): Promise<void> => {[39m
[31m→  8   await prisma.player.create({[39m
[31m         data: {[39m
[31m       +   name: String,[39m
[31m       +   country: String[39m
[31m         }[39m
[31m       })[39m

[31mArgument name for data.name is missing.[39m
[31mArgument country for data.country is missing.[39m

[31mNote: Lines with + are required[39m
[31m[39m
2022-07-03 21:13:55:1355 [31merror[39m: [31mNo players found[39m
2022-07-03 21:18:31:1831 [31merror[39m: [31mNo players found[39m
2022-07-03 21:20:57:2057 [31merror[39m: [31mNo teams found[39m
2022-07-03 21:29:57:2957 [31merror[39m: [31mNo teams found[39m
2022-07-03 21:41:28:4128 [31merror[39m: [31mTeam not found[39m
2022-07-03 21:42:15:4215 [31merror[39m: [31mData not valid[39m
2022-07-03 21:43:18:4318 [31merror[39m: [31mData not valid[39m
2022-07-03 21:43:44:4344 [31merror[39m: [31mData not valid[39m
2022-07-03 21:57:44:5744 [31merror[39m: [31mData not valid[39m
2022-07-03 21:58:05:585 [31merror[39m: [31mData not valid[39m
2022-07-03 21:58:54:5854 [31merror[39m: [31mData not valid[39m
2022-07-03 22:08:28:828 [31merror[39m: [31m[39m
[31mInvalid `prisma.team_stats.create()` invocation in[39m
[31mC:\Projects\Sixer Internship\prisma-ORM\services\teamService.ts:8:27[39m

[31m   5 export const addTeamService = async ([39m
[31m   6   name: string,[39m
[31m   7 ): Promise<void> => {[39m
[31m→  8   await prisma.team_stats.create([39m
[31m  Foreign key constraint failed on the field: `team_stats_id_fkey (index)`[39m
2022-07-03 22:09:52:952 [31merror[39m: [31m[39m
[31mInvalid `prisma.team_stats.create()` invocation in[39m
[31mC:\Projects\Sixer Internship\prisma-ORM\services\teamService.ts:13:27[39m

[31m  10     name: name as string,[39m
[31m  11   },[39m
[31m  12 })[39m
[31m→ 13 await prisma.team_stats.create([39m
[31m  Foreign key constraint failed on the field: `team_stats_id_fkey (index)`[39m
2022-07-03 22:14:18:1418 [31merror[39m: [31mTeam not found[39m
2022-07-03 22:15:46:1546 [31merror[39m: [31mTeam not found[39m
2022-07-03 22:15:50:1550 [31merror[39m: [31m[39m
[31mInvalid `prisma.team_stats.upsert()` invocation:[39m


[31m  Foreign key constraint failed on the field: `team_stats_id_fkey (index)`[39m
2022-07-03 22:35:00:350 [31merror[39m: [31mNo players found[39m
2022-07-07 19:00:53:053 [31merror[39m: [31mTeam not found[39m
2022-07-07 19:02:40:240 [31merror[39m: [31m[39m
[31mInvalid `prisma.team.delete()` invocation in[39m
[31mC:\Projects\Sixer Internship\prisma-ORM\services\teamService.ts:33:34[39m

[31m  30 }[39m
[31m  31 await deleteTeamStats(id)[39m
[31m  32 [39m
[31m→ 33 return await prisma.team.delete([39m
[31m  An operation failed because it depends on one or more records that were required but not found. Record to delete does not exist.[39m
2022-07-08 15:21:15:2115 [31merror[39m: [31mNo players found[39m
2022-07-08 15:21:51:2151 [31merror[39m: [31mNo players found[39m
2022-07-08 15:22:30:2230 [31merror[39m: [31mNo players found[39m
2022-07-08 15:22:46:2246 [31merror[39m: [31mNo players found[39m
2022-07-08 15:23:34:2334 [31merror[39m: [31mNo players found[39m
2022-07-08 15:25:52:2552 [31merror[39m: [31mNo players found ![39m
2022-07-08 15:35:19:3519 [31merror[39m: [31mNo players found ![39m
2022-07-08 15:36:07:367 [31merror[39m: [31mNo players found ![39m
